/Users/Gaby/.rbenv/versions/2.1.2/lib/ruby/gems/2.1.0/gems/activesupport-4.2.1/lib/active_support/dependencies.rb:274:in `block in require': Interrupt
	from /Users/Gaby/.rbenv/versions/2.1.2/lib/ruby/gems/2.1.0/gems/activesupport-4.2.1/lib/active_support/dependencies.rb:240:in `load_dependency'
	from /Users/Gaby/.rbenv/versions/2.1.2/lib/ruby/gems/2.1.0/gems/activesupport-4.2.1/lib/active_support/dependencies.rb:274:in `require'
	from /Users/Gaby/.rbenv/versions/2.1.2/lib/ruby/gems/2.1.0/gems/activemodel-4.2.1/lib/active_model/serialization.rb:1:in `<top (required)>'
	from /Users/Gaby/.rbenv/versions/2.1.2/lib/ruby/gems/2.1.0/gems/activemodel-4.2.1/lib/active_model/serializers/json.rb:8:in `<module:JSON>'
	from /Users/Gaby/.rbenv/versions/2.1.2/lib/ruby/gems/2.1.0/gems/activemodel-4.2.1/lib/active_model/serializers/json.rb:6:in `<module:Serializers>'
	from /Users/Gaby/.rbenv/versions/2.1.2/lib/ruby/gems/2.1.0/gems/activemodel-4.2.1/lib/active_model/serializers/json.rb:4:in `<module:ActiveModel>'
	from /Users/Gaby/.rbenv/versions/2.1.2/lib/ruby/gems/2.1.0/gems/activemodel-4.2.1/lib/active_model/serializers/json.rb:3:in `<top (required)>'
	from /Users/Gaby/.rbenv/versions/2.1.2/lib/ruby/gems/2.1.0/gems/activerecord-4.2.1/lib/active_record/serialization.rb:5:in `<module:Serialization>'
	from /Users/Gaby/.rbenv/versions/2.1.2/lib/ruby/gems/2.1.0/gems/activerecord-4.2.1/lib/active_record/serialization.rb:3:in `<module:ActiveRecord>'
	from /Users/Gaby/.rbenv/versions/2.1.2/lib/ruby/gems/2.1.0/gems/activerecord-4.2.1/lib/active_record/serialization.rb:1:in `<top (required)>'
	from /Users/Gaby/.rbenv/versions/2.1.2/lib/ruby/gems/2.1.0/gems/activerecord-4.2.1/lib/active_record/base.rb:312:in `<class:Base>'
	from /Users/Gaby/.rbenv/versions/2.1.2/lib/ruby/gems/2.1.0/gems/activerecord-4.2.1/lib/active_record/base.rb:270:in `<module:ActiveRecord>'
	from /Users/Gaby/.rbenv/versions/2.1.2/lib/ruby/gems/2.1.0/gems/activerecord-4.2.1/lib/active_record/base.rb:26:in `<top (required)>'
	from /Users/Gaby/.rbenv/versions/2.1.2/lib/ruby/gems/2.1.0/gems/sinatra-activerecord-2.0.6/lib/sinatra/activerecord.rb:22:in `registered'
	from /Users/Gaby/.rbenv/versions/2.1.2/lib/ruby/gems/2.1.0/gems/sinatra-1.4.6/lib/sinatra/base.rb:1399:in `block in register'
	from /Users/Gaby/.rbenv/versions/2.1.2/lib/ruby/gems/2.1.0/gems/sinatra-1.4.6/lib/sinatra/base.rb:1397:in `each'
	from /Users/Gaby/.rbenv/versions/2.1.2/lib/ruby/gems/2.1.0/gems/sinatra-1.4.6/lib/sinatra/base.rb:1397:in `register'
	from /Users/Gaby/.rbenv/versions/2.1.2/lib/ruby/gems/2.1.0/gems/sinatra-1.4.6/lib/sinatra/base.rb:1977:in `register'
	from /Users/Gaby/.rbenv/versions/2.1.2/lib/ruby/gems/2.1.0/gems/sinatra-1.4.6/lib/sinatra/base.rb:2038:in `register'
	from /Users/Gaby/.rbenv/versions/2.1.2/lib/ruby/gems/2.1.0/gems/sinatra-activerecord-2.0.6/lib/sinatra/activerecord.rb:55:in `<module:Sinatra>'
	from /Users/Gaby/.rbenv/versions/2.1.2/lib/ruby/gems/2.1.0/gems/sinatra-activerecord-2.0.6/lib/sinatra/activerecord.rb:10:in `<top (required)>'
	from /Users/Gaby/.rbenv/versions/2.1.2/lib/ruby/gems/2.1.0/gems/bundler-1.8.5/lib/bundler/runtime.rb:85:in `require'
	from /Users/Gaby/.rbenv/versions/2.1.2/lib/ruby/gems/2.1.0/gems/bundler-1.8.5/lib/bundler/runtime.rb:85:in `rescue in block in require'
	from /Users/Gaby/.rbenv/versions/2.1.2/lib/ruby/gems/2.1.0/gems/bundler-1.8.5/lib/bundler/runtime.rb:68:in `block in require'
	from /Users/Gaby/.rbenv/versions/2.1.2/lib/ruby/gems/2.1.0/gems/bundler-1.8.5/lib/bundler/runtime.rb:61:in `each'
	from /Users/Gaby/.rbenv/versions/2.1.2/lib/ruby/gems/2.1.0/gems/bundler-1.8.5/lib/bundler/runtime.rb:61:in `require'
	from /Users/Gaby/.rbenv/versions/2.1.2/lib/ruby/gems/2.1.0/gems/bundler-1.8.5/lib/bundler.rb:134:in `require'
	from /Users/Gaby/dev/wdi/todo-app/app.rb:2:in `<top (required)>'
	from /Users/Gaby/dev/wdi/todo-app/config.ru:1:in `require'
	from /Users/Gaby/dev/wdi/todo-app/config.ru:1:in `block in <main>'
	from /Users/Gaby/.rbenv/versions/2.1.2/lib/ruby/gems/2.1.0/gems/rack-1.6.0/lib/rack/builder.rb:55:in `instance_eval'
	from /Users/Gaby/.rbenv/versions/2.1.2/lib/ruby/gems/2.1.0/gems/rack-1.6.0/lib/rack/builder.rb:55:in `initialize'
	from /Users/Gaby/dev/wdi/todo-app/config.ru:in `new'
	from /Users/Gaby/dev/wdi/todo-app/config.ru:in `<main>'
	from /Users/Gaby/.rbenv/versions/2.1.2/lib/ruby/gems/2.1.0/gems/rack-1.6.0/lib/rack/builder.rb:49:in `eval'
	from /Users/Gaby/.rbenv/versions/2.1.2/lib/ruby/gems/2.1.0/gems/rack-1.6.0/lib/rack/builder.rb:49:in `new_from_string'
	from /Users/Gaby/.rbenv/versions/2.1.2/lib/ruby/gems/2.1.0/gems/rack-1.6.0/lib/rack/builder.rb:40:in `parse_file'
	from /Users/Gaby/.rbenv/versions/2.1.2/lib/ruby/gems/2.1.0/gems/rack-1.6.0/lib/rack/server.rb:299:in `build_app_and_options_from_config'
	from /Users/Gaby/.rbenv/versions/2.1.2/lib/ruby/gems/2.1.0/gems/rack-1.6.0/lib/rack/server.rb:208:in `app'
	from /Users/Gaby/.rbenv/versions/2.1.2/lib/ruby/gems/2.1.0/gems/rack-1.6.0/lib/rack/server.rb:336:in `wrapped_app'
	from /Users/Gaby/.rbenv/versions/2.1.2/lib/ruby/gems/2.1.0/gems/rack-1.6.0/lib/rack/server.rb:272:in `start'
	from /Users/Gaby/.rbenv/versions/2.1.2/lib/ruby/gems/2.1.0/gems/rack-1.6.0/lib/rack/server.rb:147:in `start'
	from /Users/Gaby/.rbenv/versions/2.1.2/lib/ruby/gems/2.1.0/gems/rack-1.6.0/bin/rackup:4:in `<top (required)>'
	from /Users/Gaby/.rbenv/versions/2.1.2/bin/rackup:23:in `load'
	from /Users/Gaby/.rbenv/versions/2.1.2/bin/rackup:23:in `<main>'
